  -99.856662   16.822354 	9 0 0	BC	ACAP 
  -99.902879   16.837974 	9 0 0	BC	ACYA 
 -104.520745   21.053848 	9 0 0	BC	ANIG 
 -102.761967   18.079175 	9 0 0	BC	CALC 
  -90.5393     19.844700 	9 0 0	BC	CAMP 
 -105.044713   19.498135 	9 0 0	BC	CHAM 
  -88.2992     18.495300 	9 0 0	BC	CHET 
 -106.0655     28.649100 	9 0 0	BC	CHIH 
 -103.7182     19.249200 	9 0 0	BC	COLI 
 -103.6744     19.381500 	9 0 0	BC	COOB 
 -100.081141   17.008476 	9 0 0	BC	COYU 
  -99.628127   16.776234 	9 0 0	BC	CPDP 
 -107.3839     24.798600 	9 0 0	BC	CULI 
  -99.035364   20.300400 	9 0 0	BC	DEMA 
  -99.650821   17.021083 	9 0 0	BC	DOAR 
 -103.5087     18.3446   	9 0 0	BC	FARO 
 -100.2855     25.6775   	9 0 0	BC	FMTY 
 -110.9409     29.1      	9 0 0	BC	HERM 
 -105.663975   26.936783 	9 0 0	BC	HPIG
  -99.502441   18.392004 	9 0 0	BC	IGUA 
  -99.502441   18.392004 	9 0 0	BC	PLIG 
 -102.2842     21.8562   	9 0 0	BC	INEG 
 -102.178316   17.939412 	9 0 0	BC	LACA 
  -99.486617   17.519331 	9 0 0	BC	LAZA 
  -99.465842   24.898147 	9 0 0	BC	LNIG 
 -110.3193     24.1388   	9 0 0	BC	LPAZ 
  -94.8842     17.0909   	9 0 0	BC	MARO 
  -89.6203     20.9801   	9 0 0	BC	MERI 
 -115.4757     32.633    	9 0 0	BC	MEXI 
  -99.619714   17.925239 	9 0 0	BC	MEZC 
  -99.619714   17.925239 	9 0 0	BC	MEIG 
 -103.345683   18.28855  	9 0 0	BC	MMIG 
  -99.0864     19.4439   	9 0 0	BC	MOCS 
  -99.0727     19.4149   	9 0 0	BC	MPPA 
  -99.0463     19.4918   	9 0 0	BC	MRRA 
 -103.6165     19.5656   	9 0 0	BC	NVDO 
  -96.7193     17.0805   	9 0 0	BC	OAXA 
  -98.0412     18.1302   	9 0 0	BC	OXBV 
  -96.0549     16.5201   	9 0 0	BC	OXEC 
  -96.7463     15.7269   	9 0 0	BC	OXES 
  -96.7059     15.827    	9 0 0	BC	OXET 
  -97.0511     16.1418   	9 0 0	BC	OXLP 
  -98.611      16.7091   	9 0 0	BC	OXMA 
  -97.2179     17.3996   	9 0 0	BC	OXNC 
  -97.0753     15.8887   	9 0 0	BC	OXPE 
  -97.861      17.031    	9 0 0	BC	OXPL 
  -96.9109     16.6315   	9 0 0	BC	OXSV 
  -95.23889    16.28056  	9 0 0	BC	OXTH 
  -98.7716     17.5605   	9 0 0	BC	OXTP 
  -97.6538     16.1512   	9 0 0	BC	OXTU 
  -96.499      15.6623   	9 0 0	BC	OXUM 
 -104.101      19.398    	9 0 0	BC	PENA 
  -98.127347   16.392778 	9 0 0	BC	PINO 
  -98.127347   16.392778 	9 0 0	BC	PNIG 
  -98.6542     19.1203   	9 0 0	BC	POAL 
  -98.6372     19.0567   	9 0 0	BC	POPN 
  -98.66444    19.17806  	9 0 0	BC	POPW 
  -98.6566     19.0096   	9 0 0	BC	POSW 
 -104.6371     19.6652   	9 0 0	BC	PURI 
 -105.185      20.606    	9 0 0	BC	PVAL 
 -105.508      20.064    	9 0 0	BC	PZUL 
  -91.186578   18.967022 	9 0 0	BC	SABY 
  -97.864      22.2784   	9 0 0	BC	TAMP 
 -103.784      19.0374   	9 0 0	BC	TECO 
  -99.6385     19.2902   	9 0 0	BC	TOLU 
 -102.2928     21.91139  	9 0 0	BC	UAGS 
  -99.1306     19.5306   	9 0 0	BC	UCHI 
  -98.9321     18.9096   	9 0 0	BC	UCOC 
 -101.6944     19.8132   	9 0 0	BC	UCOE 
 -104.4015     19.1242   	9 0 0	BC	UCOM 
 -103.35       20.6939   	9 0 0	BC	UGEO 
  -99.2137     19.378    	9 0 0	BC	UGOL 
  -99.176      19.327    	9 0 0	BC	UIGF 
  -99.2262     19.3132   	9 0 0	BC	UJAL 
 -100.447      20.7042   	9 0 0	BC	UJUR 
  -99.181293   19.312676 	9 0 0	BC	UNIP 
  -99.1318     19.4337   	9 0 0	BC	UPEC 
  -86.9        20.9      	9 0 0	BC	UPUM 
   18.98       -97.3     	9 0 0	BC	USIN 
 -109.67997    29.82335  	9 0 0	BC	USMX 
  -99.1886     19.7413   	9 0 0	BC	UTEO 
  -98.3162     19.0335   	9 0 0	BC	UTON 
  -96.9248     19.5164   	9 0 0	BC	UXAL 
 -100.366774   19.414977 	9 0 0	BC	UZIT 
  -92.9133     17.9961   	9 0 0	BC	VILL 
  -99.067216   18.862304 	9 0 0	BC	YAIG 
 -108.9196     28.3783   	9 0 0	BC	YESX 
 -101.465377   17.607101 	9 0 0	BC	ZIHP 
